<?xml version="1.0" encoding="UTF-8"?>
<testsuite xmlns:xsi="http://www.w3.org/2001/XMLSchema-instance" xsi:noNamespaceSchemaLocation="https://maven.apache.org/surefire/maven-surefire-plugin/xsd/surefire-test-report-3.0.xsd" version="3.0" name="com.kmvelane.rangesummarizer.AppTest" time="0.096" tests="12" errors="0" skipped="0" failures="0">
  <properties>
[...]
</properties>
  <testcase name="sequentialList" classname="com.kmvelane.rangesummarizer.AppTest" time="0.032"/>
  <testcase name="sequentialAndNonSequentialIntegers" classname="com.kmvelane.rangesummarizer.AppTest" time="0"/>
  <testcase name="emptyList" classname="com.kmvelane.rangesummarizer.AppTest" time="0"/>
  <testcase name="unorderedMix" classname="com.kmvelane.rangesummarizer.AppTest" time="0"/>
  <testcase name="orderedLargeListOfSequentialAndNonSequentials" classname="com.kmvelane.rangesummarizer.AppTest" time="0.004"/>
  <testcase name="unOrderedLargeListOfSequentialAndNonSequentials" classname="com.kmvelane.rangesummarizer.AppTest" time="0.001"/>
  <testcase name="invalidInput" classname="com.kmvelane.rangesummarizer.AppTest" time="0"/>
  <testcase name="reverseIntegerList" classname="com.kmvelane.rangesummarizer.AppTest" time="0.004"/>
  <testcase name="sequentialIntegers" classname="com.kmvelane.rangesummarizer.AppTest" time="0"/>
  <testcase name="singleItemList" classname="com.kmvelane.rangesummarizer.AppTest" time="0"/>
  <testcase name="floatingPointsList" classname="com.kmvelane.rangesummarizer.AppTest" time="0"/>
  <testcase name="nonSequentialList" classname="com.kmvelane.rangesummarizer.AppTest" time="0"/>
</testsuite>